[2025-10-11T16:29:36.212Z] LOG ROTATED: Previous 5138 lines moved to gads_history.log
[2025-10-11T16:29:36.212Z] [LEAVE BY WEEKS] Week 40, 29/09/2025 – 05/10/2025: 0h leave, 0h sick
[2025-10-11T16:29:36.383Z] [ZOHO LEAVE SUMMARY] Period 2025-09-25 to 2025-10-29:
[2025-10-11T16:29:36.384Z]   - Hourly Leave: 0h
[2025-10-11T16:29:36.384Z]   - Sick Leave: 0 days
[2025-10-11T16:29:36.384Z]   - Leave Balance: 10.12h
[2025-10-11T16:29:36.384Z] [LEAVE API] Leave taken: 0h, Sick leave: 0h
[2025-10-11T16:29:36.384Z] [LEAVE API] Stored as: markotownsend@gmail.com = 0h leave, 0h sick
[2025-10-11T16:29:36.386Z] [ZOHO LEAVE SUMMARY] Period 2025-10-06 to 2025-10-12:
[2025-10-11T16:29:36.386Z]   - Hourly Leave: 0h
[2025-10-11T16:29:36.386Z]   - Sick Leave: 0 days
[2025-10-11T16:29:36.387Z]   - Leave Balance: 26.64h
[2025-10-11T16:29:36.387Z] [LEAVE BY WEEKS] Week 41, 06/10/2025 – 12/10/2025: 0h leave, 0h sick
[2025-10-11T16:29:36.560Z] [ZOHO LEAVE SUMMARY] Period 2025-10-13 to 2025-10-19:
[2025-10-11T16:29:36.561Z]   - Hourly Leave: 0h
[2025-10-11T16:29:36.561Z]   - Sick Leave: 0 days
[2025-10-11T16:29:36.561Z]   - Leave Balance: 26.64h
[2025-10-11T16:29:36.561Z] [LEAVE BY WEEKS] Week 42, 13/10/2025 – 19/10/2025: 0h leave, 0h sick
[2025-10-11T16:29:36.730Z] [ZOHO LEAVE SUMMARY] Period 2025-10-20 to 2025-10-26:
[2025-10-11T16:29:36.730Z]   - Hourly Leave: 0h
[2025-10-11T16:29:36.731Z]   - Sick Leave: 0 days
[2025-10-11T16:29:36.731Z]   - Leave Balance: 26.64h
[2025-10-11T16:29:36.731Z] [LEAVE BY WEEKS] Week 43, 20/10/2025 – 26/10/2025: 0h leave, 0h sick
[2025-10-11T16:29:36.912Z] [ZOHO LEAVE SUMMARY] Period 2025-10-27 to 2025-11-02:
[2025-10-11T16:29:36.912Z]   - Hourly Leave: 0h
[2025-10-11T16:29:36.912Z]   - Sick Leave: 0 days
[2025-10-11T16:29:36.913Z]   - Leave Balance: 26.64h
[2025-10-11T16:29:36.913Z] [LEAVE BY WEEKS] Week 44, 27/10/2025 – 02/11/2025: 0h leave, 0h sick
[2025-10-11T16:29:37.114Z] 
[LEAVE BY WEEKS] Processing Davidkane1978@gmail.com
[2025-10-11T16:29:37.114Z] [ZOHO CACHE] Using cached employee list
[2025-10-11T16:29:37.283Z] [ZOHO LEAVE SUMMARY] Period 2025-09-22 to 2025-09-28:
[2025-10-11T16:29:37.283Z]   - Hourly Leave: 0h
[2025-10-11T16:29:37.284Z]   - Sick Leave: 0 days
[2025-10-11T16:29:37.284Z]   - Leave Balance: 14.88h
[2025-10-11T16:29:37.284Z] [LEAVE BY WEEKS] Week 39, 22/09/2025 – 28/09/2025: 0h leave, 0h sick
[2025-10-11T16:29:37.455Z] [ZOHO LEAVE SUMMARY] Period 2025-09-29 to 2025-10-05:
[2025-10-11T16:29:37.456Z]   - Hourly Leave: 0h
[2025-10-11T16:29:37.456Z]   - Sick Leave: 0 days
[2025-10-11T16:29:37.456Z]   - Leave Balance: 14.88h
[2025-10-11T16:29:37.456Z] [LEAVE BY WEEKS] Week 40, 29/09/2025 – 05/10/2025: 0h leave, 0h sick
[2025-10-11T16:29:37.622Z] [ZOHO LEAVE SUMMARY] Period 2025-10-06 to 2025-10-12:
[2025-10-11T16:29:37.622Z]   - Hourly Leave: 0h
[2025-10-11T16:29:37.622Z]   - Sick Leave: 0 days
[2025-10-11T16:29:37.622Z]   - Leave Balance: 14.88h
[2025-10-11T16:29:37.622Z] [LEAVE BY WEEKS] Week 41, 06/10/2025 – 12/10/2025: 0h leave, 0h sick
[2025-10-11T16:29:37.795Z] [ZOHO LEAVE SUMMARY] Period 2025-10-13 to 2025-10-19:
[2025-10-11T16:29:37.795Z]   - Hourly Leave: 0h
[2025-10-11T16:29:37.795Z]   - Sick Leave: 0 days
[2025-10-11T16:29:37.795Z]   - Leave Balance: 14.88h
[2025-10-11T16:29:37.795Z] [LEAVE BY WEEKS] Week 42, 13/10/2025 – 19/10/2025: 0h leave, 0h sick
[2025-10-11T16:29:37.960Z] [ZOHO LEAVE SUMMARY] Period 2025-10-20 to 2025-10-26:
[2025-10-11T16:29:37.960Z]   - Hourly Leave: 0h
[2025-10-11T16:29:37.960Z]   - Sick Leave: 0 days
[2025-10-11T16:29:37.960Z]   - Leave Balance: 14.88h
[2025-10-11T16:29:37.960Z] [LEAVE BY WEEKS] Week 43, 20/10/2025 – 26/10/2025: 0h leave, 0h sick
[2025-10-11T16:29:38.159Z] [ZOHO LEAVE SUMMARY] Period 2025-10-27 to 2025-11-02:
[2025-10-11T16:29:38.159Z]   - Hourly Leave: 0h
[2025-10-11T16:29:38.159Z]   - Sick Leave: 0 days
[2025-10-11T16:29:38.159Z]   - Leave Balance: 14.88h
[2025-10-11T16:29:38.160Z] [LEAVE BY WEEKS] Week 44, 27/10/2025 – 02/11/2025: 0h leave, 0h sick
[2025-10-11T16:29:38.360Z] 
[LEAVE BY WEEKS] Processing kellyshan2022@gmail.com
[2025-10-11T16:29:38.360Z] [ZOHO CACHE] Using cached employee list
[2025-10-11T16:29:38.532Z] Could not fetch balance API for employee CND207: Request failed with status code 403
[2025-10-11T16:29:38.533Z] [ZOHO LEAVE SUMMARY] Period 2025-09-22 to 2025-09-28:
[2025-10-11T16:29:38.533Z]   - Hourly Leave: 0h
[2025-10-11T16:29:38.533Z]   - Sick Leave: 0 days
[2025-10-11T16:29:38.533Z]   - Leave Balance: 0h
[2025-10-11T16:29:38.533Z] [LEAVE BY WEEKS] Week 39, 22/09/2025 – 28/09/2025: 0h leave, 0h sick
[2025-10-11T16:29:38.561Z] ERROR: Error getting leave data for period: {
  "response": {
    "message": "Error occurred",
    "uri": "/api/forms/leave/getRecords",
    "errors": {
      "code": 7073,
      "message": "Daily api limit is exceeded."
    },
    "status": 1
  }
}
[2025-10-11T16:29:38.564Z] [LEAVE BY WEEKS] Week 40, 29/09/2025 – 05/10/2025: 0h leave, 0h sick
[2025-10-11T16:29:38.587Z] ERROR: Error getting leave data for period: {
  "response": {
    "message": "Error occurred",
    "uri": "/api/forms/leave/getRecords",
    "errors": {
      "code": 7073,
      "message": "Daily api limit is exceeded."
    },
    "status": 1
  }
}
[2025-10-11T16:29:38.587Z] [LEAVE BY WEEKS] Week 41, 06/10/2025 – 12/10/2025: 0h leave, 0h sick
[2025-10-11T16:29:38.611Z] ERROR: Error getting leave data for period: {
  "response": {
    "message": "Error occurred",
    "uri": "/api/forms/leave/getRecords",
    "errors": {
      "code": 7073,
      "message": "Daily api limit is exceeded."
    },
    "status": 1
  }
}
[2025-10-11T16:29:38.612Z] [LEAVE BY WEEKS] Week 42, 13/10/2025 – 19/10/2025: 0h leave, 0h sick
[2025-10-11T16:29:38.635Z] ERROR: Error getting leave data for period: {
  "response": {
    "message": "Error occurred",
    "uri": "/api/forms/leave/getRecords",
    "errors": {
      "code": 7073,
      "message": "Daily api limit is exceeded."
    },
    "status": 1
  }
}
[2025-10-11T16:29:38.635Z] [LEAVE BY WEEKS] Week 43, 20/10/2025 – 26/10/2025: 0h leave, 0h sick
[2025-10-11T16:29:38.659Z] ERROR: Error getting leave data for period: {
  "response": {
    "message": "Error occurred",
    "uri": "/api/forms/leave/getRecords",
    "errors": {
      "code": 7073,
      "message": "Daily api limit is exceeded."
    },
    "status": 1
  }
}
[2025-10-11T16:29:38.661Z] [LEAVE BY WEEKS] Week 44, 27/10/2025 – 02/11/2025: 0h leave, 0h sick
[2025-10-11T16:29:38.861Z] 
[LEAVE BY WEEKS] Processing pneenan3@gmail.com
[2025-10-11T16:29:38.862Z] [ZOHO CACHE] Using cached employee list
[2025-10-11T16:29:38.885Z] ERROR: Error getting leave data for period: {
  "response": {
    "message": "Error occurred",
    "uri": "/api/forms/leave/getRecords",
    "errors": {
      "code": 7073,
      "message": "Daily api limit is exceeded."
    },
    "status": 1
  }
}
[2025-10-11T16:29:38.886Z] [LEAVE BY WEEKS] Week 39, 22/09/2025 – 28/09/2025: 0h leave, 0h sick
[2025-10-11T16:29:38.909Z] ERROR: Error getting leave data for period: {
  "response": {
    "message": "Error occurred",
    "uri": "/api/forms/leave/getRecords",
    "errors": {
      "code": 7073,
      "message": "Daily api limit is exceeded."
    },
    "status": 1
  }
}
[2025-10-11T16:29:38.910Z] [LEAVE BY WEEKS] Week 40, 29/09/2025 – 05/10/2025: 0h leave, 0h sick
[2025-10-11T16:29:38.936Z] ERROR: Error getting leave data for period: {
  "response": {
    "message": "Error occurred",
    "uri": "/api/forms/leave/getRecords",
    "errors": {
      "code": 7073,
      "message": "Daily api limit is exceeded."
    },
    "status": 1
  }
}
[2025-10-11T16:29:38.937Z] [LEAVE BY WEEKS] Week 41, 06/10/2025 – 12/10/2025: 0h leave, 0h sick
[2025-10-11T16:29:38.961Z] ERROR: Error getting leave data for period: {
  "response": {
    "message": "Error occurred",
    "uri": "/api/forms/leave/getRecords",
    "errors": {
      "code": 7073,
      "message": "Daily api limit is exceeded."
    },
    "status": 1
  }
}
[2025-10-11T16:29:38.962Z] [LEAVE BY WEEKS] Week 42, 13/10/2025 – 19/10/2025: 0h leave, 0h sick
[2025-10-11T16:29:38.987Z] ERROR: Error getting leave data for period: {
  "response": {
    "message": "Error occurred",
    "uri": "/api/forms/leave/getRecords",
    "errors": {
      "code": 7073,
      "message": "Daily api limit is exceeded."
    },
    "status": 1
  }
}
[2025-10-11T16:29:38.987Z] [LEAVE BY WEEKS] Week 43, 20/10/2025 – 26/10/2025: 0h leave, 0h sick
[2025-10-11T16:29:39.011Z] ERROR: Error getting leave data for period: {
  "response": {
    "message": "Error occurred",
    "uri": "/api/forms/leave/getRecords",
    "errors": {
      "code": 7073,
      "message": "Daily api limit is exceeded."
    },
    "status": 1
  }
}
[2025-10-11T16:29:39.011Z] [LEAVE BY WEEKS] Week 44, 27/10/2025 – 02/11/2025: 0h leave, 0h sick
[2025-10-11T16:29:39.212Z] 
[LEAVE BY WEEKS] Processing caolhiggins@gmail.com
[2025-10-11T16:29:39.212Z] [ZOHO CACHE] Using cached employee list
[2025-10-11T16:29:39.235Z] ERROR: Error getting leave data for period: {
  "response": {
    "message": "Error occurred",
    "uri": "/api/forms/leave/getRecords",
    "errors": {
      "code": 7073,
      "message": "Daily api limit is exceeded."
    },
    "status": 1
  }
}
[2025-10-11T16:29:39.236Z] [LEAVE BY WEEKS] Week 39, 22/09/2025 – 28/09/2025: 0h leave, 0h sick
[2025-10-11T16:29:39.259Z] ERROR: Error getting leave data for period: {
  "response": {
    "message": "Error occurred",
    "uri": "/api/forms/leave/getRecords",
    "errors": {
      "code": 7073,
      "message": "Daily api limit is exceeded."
    },
    "status": 1
  }
}
[2025-10-11T16:29:39.260Z] [LEAVE BY WEEKS] Week 40, 29/09/2025 – 05/10/2025: 0h leave, 0h sick
[2025-10-11T16:29:39.283Z] ERROR: Error getting leave data for period: {
  "response": {
    "message": "Error occurred",
    "uri": "/api/forms/leave/getRecords",
    "errors": {
      "code": 7073,
      "message": "Daily api limit is exceeded."
    },
    "status": 1
  }
}
[2025-10-11T16:29:39.284Z] [LEAVE BY WEEKS] Week 41, 06/10/2025 – 12/10/2025: 0h leave, 0h sick
[2025-10-11T16:29:39.309Z] ERROR: Error getting leave data for period: {
  "response": {
    "message": "Error occurred",
    "uri": "/api/forms/leave/getRecords",
    "errors": {
      "code": 7073,
      "message": "Daily api limit is exceeded."
    },
    "status": 1
  }
}
[2025-10-11T16:29:39.309Z] [LEAVE BY WEEKS] Week 42, 13/10/2025 – 19/10/2025: 0h leave, 0h sick
[2025-10-11T16:29:39.332Z] ERROR: Error getting leave data for period: {
  "response": {
    "message": "Error occurred",
    "uri": "/api/forms/leave/getRecords",
    "errors": {
      "code": 7073,
      "message": "Daily api limit is exceeded."
    },
    "status": 1
  }
}
[2025-10-11T16:29:39.332Z] [LEAVE BY WEEKS] Week 43, 20/10/2025 – 26/10/2025: 0h leave, 0h sick
[2025-10-11T16:29:39.356Z] ERROR: Error getting leave data for period: {
  "response": {
    "message": "Error occurred",
    "uri": "/api/forms/leave/getRecords",
    "errors": {
      "code": 7073,
      "message": "Daily api limit is exceeded."
    },
    "status": 1
  }
}
[2025-10-11T16:29:39.357Z] [LEAVE BY WEEKS] Week 44, 27/10/2025 – 02/11/2025: 0h leave, 0h sick
[2025-10-11T16:29:39.558Z] 
[LEAVE BY WEEKS] Processing gavinprunty@gmail.com
[2025-10-11T16:29:39.558Z] [ZOHO CACHE] Using cached employee list
[2025-10-11T16:29:39.581Z] ERROR: Error getting leave data for period: {
  "response": {
    "message": "Error occurred",
    "uri": "/api/forms/leave/getRecords",
    "errors": {
      "code": 7073,
      "message": "Daily api limit is exceeded."
    },
    "status": 1
  }
}
[2025-10-11T16:29:39.581Z] [LEAVE BY WEEKS] Week 39, 22/09/2025 – 28/09/2025: 0h leave, 0h sick
[2025-10-11T16:29:39.604Z] ERROR: Error getting leave data for period: {
  "response": {
    "message": "Error occurred",
    "uri": "/api/forms/leave/getRecords",
    "errors": {
      "code": 7073,
      "message": "Daily api limit is exceeded."
    },
    "status": 1
  }
}
[2025-10-11T16:29:39.605Z] [LEAVE BY WEEKS] Week 40, 29/09/2025 – 05/10/2025: 0h leave, 0h sick
[2025-10-11T16:29:39.627Z] ERROR: Error getting leave data for period: {
  "response": {
    "message": "Error occurred",
    "uri": "/api/forms/leave/getRecords",
    "errors": {
      "code": 7073,
      "message": "Daily api limit is exceeded."
    },
    "status": 1
  }
}
[2025-10-11T16:29:39.628Z] [LEAVE BY WEEKS] Week 41, 06/10/2025 – 12/10/2025: 0h leave, 0h sick
[2025-10-11T16:29:39.652Z] ERROR: Error getting leave data for period: {
  "response": {
    "message": "Error occurred",
    "uri": "/api/forms/leave/getRecords",
    "errors": {
      "code": 7073,
      "message": "Daily api limit is exceeded."
    },
    "status": 1
  }
}
[2025-10-11T16:29:39.653Z] [LEAVE BY WEEKS] Week 42, 13/10/2025 – 19/10/2025: 0h leave, 0h sick
[2025-10-11T16:29:39.677Z] ERROR: Error getting leave data for period: {
  "response": {
    "message": "Error occurred",
    "uri": "/api/forms/leave/getRecords",
    "errors": {
      "code": 7073,
      "message": "Daily api limit is exceeded."
    },
    "status": 1
  }
}
[2025-10-11T16:29:39.678Z] [LEAVE BY WEEKS] Week 43, 20/10/2025 – 26/10/2025: 0h leave, 0h sick
[2025-10-11T16:29:39.700Z] ERROR: Error getting leave data for period: {
  "response": {
    "message": "Error occurred",
    "uri": "/api/forms/leave/getRecords",
    "errors": {
      "code": 7073,
      "message": "Daily api limit is exceeded."
    },
    "status": 1
  }
}
[2025-10-11T16:29:39.701Z] [LEAVE BY WEEKS] Week 44, 27/10/2025 – 02/11/2025: 0h leave, 0h sick
[2025-10-11T16:29:39.901Z] 
[LEAVE BY WEEKS] Processing markotownsend@gmail.com
[2025-10-11T16:29:39.902Z] [ZOHO CACHE] Using cached employee list
[2025-10-11T16:29:39.925Z] ERROR: Error getting leave data for period: {
  "response": {
    "message": "Error occurred",
    "uri": "/api/forms/leave/getRecords",
    "errors": {
      "code": 7073,
      "message": "Daily api limit is exceeded."
    },
    "status": 1
  }
}
[2025-10-11T16:29:39.926Z] [LEAVE BY WEEKS] Week 39, 22/09/2025 – 28/09/2025: 0h leave, 0h sick
[2025-10-11T16:29:39.949Z] ERROR: Error getting leave data for period: {
  "response": {
    "message": "Error occurred",
    "uri": "/api/forms/leave/getRecords",
    "errors": {
      "code": 7073,
      "message": "Daily api limit is exceeded."
    },
    "status": 1
  }
}
[2025-10-11T16:29:39.950Z] [LEAVE BY WEEKS] Week 40, 29/09/2025 – 05/10/2025: 0h leave, 0h sick
[2025-10-11T16:29:39.973Z] ERROR: Error getting leave data for period: {
  "response": {
    "message": "Error occurred",
    "uri": "/api/forms/leave/getRecords",
    "errors": {
      "code": 7073,
      "message": "Daily api limit is exceeded."
    },
    "status": 1
  }
}
[2025-10-11T16:29:39.974Z] [LEAVE BY WEEKS] Week 41, 06/10/2025 – 12/10/2025: 0h leave, 0h sick
[2025-10-11T16:29:39.998Z] ERROR: Error getting leave data for period: {
  "response": {
    "message": "Error occurred",
    "uri": "/api/forms/leave/getRecords",
    "errors": {
      "code": 7073,
      "message": "Daily api limit is exceeded."
    },
    "status": 1
  }
}
[2025-10-11T16:29:39.999Z] [LEAVE BY WEEKS] Week 42, 13/10/2025 – 19/10/2025: 0h leave, 0h sick
[2025-10-11T16:29:40.029Z] ERROR: Error getting leave data for period: {
  "response": {
    "message": "Error occurred",
    "uri": "/api/forms/leave/getRecords",
    "errors": {
      "code": 7073,
      "message": "Daily api limit is exceeded."
    },
    "status": 1
  }
}
[2025-10-11T16:29:40.029Z] [LEAVE BY WEEKS] Week 43, 20/10/2025 – 26/10/2025: 0h leave, 0h sick
[2025-10-11T16:29:40.056Z] ERROR: Error getting leave data for period: {
  "response": {
    "message": "Error occurred",
    "uri": "/api/forms/leave/getRecords",
    "errors": {
      "code": 7073,
      "message": "Daily api limit is exceeded."
    },
    "status": 1
  }
}
[2025-10-11T16:29:40.056Z] [LEAVE BY WEEKS] Week 44, 27/10/2025 – 02/11/2025: 0h leave, 0h sick
[2025-10-11T16:31:48.537Z] Logger initialized - logging to gads.log with auto-rotation at 5000 lines
[2025-10-11T16:31:48.960Z] Fins app started under Phusion Passenger
[2025-10-11T16:31:49.067Z] 
[LEAVE API] Processing davebooth@hotmail.com for period 2025-08-28 to 2025-09-24
[2025-10-11T16:31:49.071Z] [ZOHO API] Fetching all employees...
[2025-10-11T16:31:49.165Z] ERROR: Error getting all employees: {
  "response": {
    "message": "Error occurred",
    "uri": "/api/forms/P_EmployeeView/records",
    "errors": {
      "code": 7073,
      "message": "Daily api limit is exceeded."
    },
    "status": 1
  }
}
[2025-10-11T16:31:49.168Z] [LEAVE API] Employee not found in Zoho: davebooth@hotmail.com
[2025-10-11T16:31:49.171Z] ERROR: Error fetching PPS numbers: {
  "message": "Request failed with status code 403",
  "name": "AxiosError",
  "stack": "AxiosError: Request failed with status code 403\n    at settle (/home/hub/nodevenv/public_html/fins/20/lib/node_modules/axios/dist/node/axios.cjs:2097:12)\n    at IncomingMessage.handleStreamEnd (/home/hub/nodevenv/public_html/fins/20/lib/node_modules/axios/dist/node/axios.cjs:3305:11)\n    at IncomingMessage.emit (node:events:536:35)\n    at endReadableNT (node:internal/streams/readable:1698:12)\n    at process.processTicksAndRejections (node:internal/process/task_queues:82:21)\n    at Axios.request (/home/hub/nodevenv/public_html/fins/20/lib/node_modules/axios/dist/node/axios.cjs:4483:41)\n    at process.processTicksAndRejections (node:internal/process/task_queues:95:5)\n    at async /home/hub/public_html/fins/scripts/pay/hourly/dashboard.js:586:26",
  "config": {
    "transitional": {
      "silentJSONParsing": true,
      "forcedJSONParsing": true,
      "clarifyTimeoutError": false
    },
    "adapter": [
      "xhr",
      "http",
      "fetch"
    ],
    "transformRequest": [
      null
    ],
    "transformResponse": [
      null
    ],
    "timeout": 0,
    "xsrfCookieName": "XSRF-TOKEN",
    "xsrfHeaderName": "X-XSRF-TOKEN",
    "maxContentLength": -1,
    "maxBodyLength": -1,
    "env": {},
    "headers": {
      "Accept": "application/json, text/plain, */*",
      "Authorization": "Zoho-oauthtoken 1000.93b46d11e09682bf375c84a1d3eb9577.369c7b0ca91510015603784711c6c432",
      "User-Agent": "axios/1.12.2",
      "Accept-Encoding": "gzip, compress, deflate, br"
    },
    "method": "get",
    "url": "https://people.zoho.eu/api/forms/P_EmployeeView/records",
    "allowAbsoluteUrls": true
  },
  "code": "ERR_BAD_REQUEST",
  "status": 403
}
[2025-10-11T16:31:49.370Z] 
[LEAVE API] Processing markotownsend@gmail.com for period 2025-08-28 to 2025-09-24
[2025-10-11T16:31:49.371Z] [ZOHO API] Fetching all employees...
[2025-10-11T16:31:49.398Z] ERROR: Error getting all employees: {
  "response": {
    "message": "Error occurred",
    "uri": "/api/forms/P_EmployeeView/records",
    "errors": {
      "code": 7073,
      "message": "Daily api limit is exceeded."
    },
    "status": 1
  }
}
[2025-10-11T16:31:49.398Z] [LEAVE API] Employee not found in Zoho: markotownsend@gmail.com
[2025-10-11T16:31:49.599Z] 
[LEAVE API] Processing maryhelendavisbl@gmail.com for period 2025-08-28 to 2025-09-24
[2025-10-11T16:31:49.600Z] [ZOHO API] Fetching all employees...
[2025-10-11T16:31:49.627Z] ERROR: Error getting all employees: {
  "response": {
    "message": "Error occurred",
    "uri": "/api/forms/P_EmployeeView/records",
    "errors": {
      "code": 7073,
      "message": "Daily api limit is exceeded."
    },
    "status": 1
  }
}
[2025-10-11T16:31:49.627Z] [LEAVE API] Employee not found in Zoho: maryhelendavisbl@gmail.com
[2025-10-11T16:31:49.828Z] 
[LEAVE API] Processing fergalhenchy@outlook.com for period 2025-08-28 to 2025-09-24
[2025-10-11T16:31:49.829Z] [ZOHO API] Fetching all employees...
[2025-10-11T16:31:49.852Z] ERROR: Error getting all employees: {
  "response": {
    "message": "Error occurred",
    "uri": "/api/forms/P_EmployeeView/records",
    "errors": {
      "code": 7073,
      "message": "Daily api limit is exceeded."
    },
    "status": 1
  }
}
[2025-10-11T16:31:49.853Z] [LEAVE API] Employee not found in Zoho: fergalhenchy@outlook.com
[2025-10-11T16:31:50.054Z] 
[LEAVE API] Processing sthorgan90@gmail.com for period 2025-08-28 to 2025-09-24
[2025-10-11T16:31:50.055Z] [ZOHO API] Fetching all employees...
[2025-10-11T16:31:50.080Z] ERROR: Error getting all employees: {
  "response": {
    "message": "Error occurred",
    "uri": "/api/forms/P_EmployeeView/records",
    "errors": {
      "code": 7073,
      "message": "Daily api limit is exceeded."
    },
    "status": 1
  }
}
[2025-10-11T16:31:50.081Z] [LEAVE API] Employee not found in Zoho: sthorgan90@gmail.com
[2025-10-11T16:31:50.281Z] 
[LEAVE API] Processing Davidkane1978@gmail.com for period 2025-08-28 to 2025-09-24
[2025-10-11T16:31:50.282Z] [ZOHO API] Fetching all employees...
[2025-10-11T16:31:50.306Z] ERROR: Error getting all employees: {
  "response": {
    "message": "Error occurred",
    "uri": "/api/forms/P_EmployeeView/records",
    "errors": {
      "code": 7073,
      "message": "Daily api limit is exceeded."
    },
    "status": 1
  }
}
[2025-10-11T16:31:50.306Z] [LEAVE API] Employee not found in Zoho: Davidkane1978@gmail.com
[2025-10-11T16:31:50.507Z] 
[LEAVE API] Processing kellyshan2022@gmail.com for period 2025-08-28 to 2025-09-24
[2025-10-11T16:31:50.508Z] [ZOHO API] Fetching all employees...
[2025-10-11T16:31:50.531Z] ERROR: Error getting all employees: {
  "response": {
    "message": "Error occurred",
    "uri": "/api/forms/P_EmployeeView/records",
    "errors": {
      "code": 7073,
      "message": "Daily api limit is exceeded."
    },
    "status": 1
  }
}
[2025-10-11T16:31:50.531Z] [LEAVE API] Employee not found in Zoho: kellyshan2022@gmail.com
[2025-10-11T16:31:50.731Z] 
[LEAVE API] Processing pneenan3@gmail.com for period 2025-08-28 to 2025-09-24
[2025-10-11T16:31:50.732Z] [ZOHO API] Fetching all employees...
[2025-10-11T16:31:50.756Z] ERROR: Error getting all employees: {
  "response": {
    "message": "Error occurred",
    "uri": "/api/forms/P_EmployeeView/records",
    "errors": {
      "code": 7073,
      "message": "Daily api limit is exceeded."
    },
    "status": 1
  }
}
[2025-10-11T16:31:50.757Z] [LEAVE API] Employee not found in Zoho: pneenan3@gmail.com
[2025-10-11T16:31:50.958Z] 
[LEAVE API] Processing caolhiggins@gmail.com for period 2025-08-28 to 2025-09-24
[2025-10-11T16:31:50.959Z] [ZOHO API] Fetching all employees...
[2025-10-11T16:31:50.983Z] ERROR: Error getting all employees: {
  "response": {
    "message": "Error occurred",
    "uri": "/api/forms/P_EmployeeView/records",
    "errors": {
      "code": 7073,
      "message": "Daily api limit is exceeded."
    },
    "status": 1
  }
}
[2025-10-11T16:31:50.983Z] [LEAVE API] Employee not found in Zoho: caolhiggins@gmail.com
[2025-10-11T16:31:51.183Z] 
[LEAVE API] Processing gavinprunty@gmail.com for period 2025-08-28 to 2025-09-24
[2025-10-11T16:31:51.184Z] [ZOHO API] Fetching all employees...
[2025-10-11T16:31:51.208Z] ERROR: Error getting all employees: {
  "response": {
    "message": "Error occurred",
    "uri": "/api/forms/P_EmployeeView/records",
    "errors": {
      "code": 7073,
      "message": "Daily api limit is exceeded."
    },
    "status": 1
  }
}
[2025-10-11T16:31:51.208Z] [LEAVE API] Employee not found in Zoho: gavinprunty@gmail.com
[2025-10-11T16:31:51.409Z] 
[LEAVE API] Processing markotownsend@gmail.com for period 2025-08-28 to 2025-09-24
[2025-10-11T16:31:51.410Z] [ZOHO API] Fetching all employees...
[2025-10-11T16:31:51.433Z] ERROR: Error getting all employees: {
  "response": {
    "message": "Error occurred",
    "uri": "/api/forms/P_EmployeeView/records",
    "errors": {
      "code": 7073,
      "message": "Daily api limit is exceeded."
    },
    "status": 1
  }
}
[2025-10-11T16:31:51.434Z] [LEAVE API] Employee not found in Zoho: markotownsend@gmail.com
[2025-10-11T16:34:34.465Z] ERROR: Error fetching sales payroll: {}
[2025-10-11T16:34:56.848Z] ERROR: Error fetching teacher payroll: {}
[2025-10-11T16:35:14.204Z] [ZOHO API] Fetching all employees...
[2025-10-11T16:35:14.260Z] ERROR: Error getting all employees: {
  "response": {
    "message": "Error occurred",
    "uri": "/api/forms/P_EmployeeView/records",
    "errors": {
      "code": 7073,
      "message": "Daily api limit is exceeded."
    },
    "status": 1
  }
}
[2025-10-11T16:35:14.462Z] [ZOHO API] Fetching all employees...
[2025-10-11T16:35:14.490Z] ERROR: Error getting all employees: {
  "response": {
    "message": "Error occurred",
    "uri": "/api/forms/P_EmployeeView/records",
    "errors": {
      "code": 7073,
      "message": "Daily api limit is exceeded."
    },
    "status": 1
  }
}
[2025-10-11T16:35:14.691Z] [ZOHO API] Fetching all employees...
[2025-10-11T16:35:14.720Z] ERROR: Error getting all employees: {
  "response": {
    "message": "Error occurred",
    "uri": "/api/forms/P_EmployeeView/records",
    "errors": {
      "code": 7073,
      "message": "Daily api limit is exceeded."
    },
    "status": 1
  }
}
[2025-10-11T16:35:14.921Z] [ZOHO API] Fetching all employees...
[2025-10-11T16:35:14.952Z] ERROR: Error getting all employees: {
  "response": {
    "message": "Error occurred",
    "uri": "/api/forms/P_EmployeeView/records",
    "errors": {
      "code": 7073,
      "message": "Daily api limit is exceeded."
    },
    "status": 1
  }
}
[2025-10-11T16:35:15.153Z] [ZOHO API] Fetching all employees...
[2025-10-11T16:35:15.183Z] ERROR: Error getting all employees: {
  "response": {
    "message": "Error occurred",
    "uri": "/api/forms/P_EmployeeView/records",
    "errors": {
      "code": 7073,
      "message": "Daily api limit is exceeded."
    },
    "status": 1
  }
}
[2025-10-11T16:35:15.384Z] [ZOHO API] Fetching all employees...
[2025-10-11T16:35:15.408Z] ERROR: Error getting all employees: {
  "response": {
    "message": "Error occurred",
    "uri": "/api/forms/P_EmployeeView/records",
    "errors": {
      "code": 7073,
      "message": "Daily api limit is exceeded."
    },
    "status": 1
  }
}
[2025-10-11T16:35:15.610Z] [ZOHO API] Fetching all employees...
[2025-10-11T16:35:15.634Z] ERROR: Error getting all employees: {
  "response": {
    "message": "Error occurred",
    "uri": "/api/forms/P_EmployeeView/records",
    "errors": {
      "code": 7073,
      "message": "Daily api limit is exceeded."
    },
    "status": 1
  }
}
[2025-10-11T16:35:15.836Z] [ZOHO API] Fetching all employees...
[2025-10-11T16:35:15.861Z] ERROR: Error getting all employees: {
  "response": {
    "message": "Error occurred",
    "uri": "/api/forms/P_EmployeeView/records",
    "errors": {
      "code": 7073,
      "message": "Daily api limit is exceeded."
    },
    "status": 1
  }
}
[2025-10-11T16:35:16.064Z] [ZOHO API] Fetching all employees...
[2025-10-11T16:35:16.091Z] ERROR: Error getting all employees: {
  "response": {
    "message": "Error occurred",
    "uri": "/api/forms/P_EmployeeView/records",
    "errors": {
      "code": 7073,
      "message": "Daily api limit is exceeded."
    },
    "status": 1
  }
}
[2025-10-11T16:35:16.292Z] [ZOHO API] Fetching all employees...
[2025-10-11T16:35:16.316Z] ERROR: Error getting all employees: {
  "response": {
    "message": "Error occurred",
    "uri": "/api/forms/P_EmployeeView/records",
    "errors": {
      "code": 7073,
      "message": "Daily api limit is exceeded."
    },
    "status": 1
  }
}
[2025-10-11T16:35:16.517Z] [ZOHO API] Fetching all employees...
[2025-10-11T16:35:16.541Z] ERROR: Error getting all employees: {
  "response": {
    "message": "Error occurred",
    "uri": "/api/forms/P_EmployeeView/records",
    "errors": {
      "code": 7073,
      "message": "Daily api limit is exceeded."
    },
    "status": 1
  }
}
[2025-10-11T16:35:16.743Z] ERROR: Error fetching teacher payroll: {
  "message": "Unknown column 'rate' in 'field list'",
  "code": "ER_BAD_FIELD_ERROR",
  "errno": 1054,
  "sql": "\n                    SELECT\n                        hours,\n                        hours_included_this_month,\n                        weekly_pay,\n                        can_auto_populate,\n                        CAST(hours AS DECIMAL(10,2)) * rate as total_salary,\n                        rate\n                    FROM teacher_payments\n                    WHERE email = ?\n                    AND select_value = ?\n                ",
  "sqlState": "42S22",
  "sqlMessage": "Unknown column 'rate' in 'field list'"
}
[2025-10-11T16:35:16.797Z] ERROR: Error fetching sales payroll: {}
[2025-10-11T16:35:57.336Z] Logger initialized - logging to gads.log with auto-rotation at 5000 lines
[2025-10-11T16:35:57.868Z] Fins app started under Phusion Passenger
[2025-10-11T16:35:58.184Z] 
[LEAVE BY WEEKS] Processing davebooth@hotmail.com
[2025-10-11T16:35:58.187Z] [ZOHO API] Fetching all employees...
[2025-10-11T16:35:58.292Z] ERROR: Error getting all employees: {
  "response": {
    "message": "Error occurred",
    "uri": "/api/forms/P_EmployeeView/records",
    "errors": {
      "code": 7073,
      "message": "Daily api limit is exceeded."
    },
    "status": 1
  }
}
[2025-10-11T16:35:58.297Z] [LEAVE BY WEEKS] Employee not found in Zoho: davebooth@hotmail.com
[2025-10-11T16:35:58.297Z] 
[LEAVE BY WEEKS] Processing markotownsend@gmail.com
[2025-10-11T16:35:58.298Z] [ZOHO API] Fetching all employees...
[2025-10-11T16:35:58.330Z] ERROR: Error getting all employees: {
  "response": {
    "message": "Error occurred",
    "uri": "/api/forms/P_EmployeeView/records",
    "errors": {
      "code": 7073,
      "message": "Daily api limit is exceeded."
    },
    "status": 1
  }
}
[2025-10-11T16:35:58.330Z] [LEAVE BY WEEKS] Employee not found in Zoho: markotownsend@gmail.com
[2025-10-11T16:35:58.331Z] 
[LEAVE BY WEEKS] Processing maryhelendavisbl@gmail.com
[2025-10-11T16:35:58.332Z] [ZOHO API] Fetching all employees...
[2025-10-11T16:35:58.358Z] ERROR: Error getting all employees: {
  "response": {
    "message": "Error occurred",
    "uri": "/api/forms/P_EmployeeView/records",
    "errors": {
      "code": 7073,
      "message": "Daily api limit is exceeded."
    },
    "status": 1
  }
}
[2025-10-11T16:35:58.359Z] [LEAVE BY WEEKS] Employee not found in Zoho: maryhelendavisbl@gmail.com
[2025-10-11T16:35:58.360Z] 
[LEAVE BY WEEKS] Processing fergalhenchy@outlook.com
[2025-10-11T16:35:58.360Z] [ZOHO API] Fetching all employees...
[2025-10-11T16:35:58.385Z] ERROR: Error getting all employees: {
  "response": {
    "message": "Error occurred",
    "uri": "/api/forms/P_EmployeeView/records",
    "errors": {
      "code": 7073,
      "message": "Daily api limit is exceeded."
    },
    "status": 1
  }
}
[2025-10-11T16:35:58.385Z] [LEAVE BY WEEKS] Employee not found in Zoho: fergalhenchy@outlook.com
[2025-10-11T16:35:58.385Z] 
[LEAVE BY WEEKS] Processing sthorgan90@gmail.com
[2025-10-11T16:35:58.386Z] [ZOHO API] Fetching all employees...
[2025-10-11T16:35:58.410Z] ERROR: Error getting all employees: {
  "response": {
    "message": "Error occurred",
    "uri": "/api/forms/P_EmployeeView/records",
    "errors": {
      "code": 7073,
      "message": "Daily api limit is exceeded."
    },
    "status": 1
  }
}
[2025-10-11T16:35:58.411Z] [LEAVE BY WEEKS] Employee not found in Zoho: sthorgan90@gmail.com
[2025-10-11T16:35:58.411Z] 
[LEAVE BY WEEKS] Processing Davidkane1978@gmail.com
[2025-10-11T16:35:58.412Z] [ZOHO API] Fetching all employees...
[2025-10-11T16:35:58.438Z] ERROR: Error getting all employees: {
  "response": {
    "message": "Error occurred",
    "uri": "/api/forms/P_EmployeeView/records",
    "errors": {
      "code": 7073,
      "message": "Daily api limit is exceeded."
    },
    "status": 1
  }
}
[2025-10-11T16:35:58.439Z] [LEAVE BY WEEKS] Employee not found in Zoho: Davidkane1978@gmail.com
[2025-10-11T16:35:58.439Z] 
[LEAVE BY WEEKS] Processing kellyshan2022@gmail.com
[2025-10-11T16:35:58.440Z] [ZOHO API] Fetching all employees...
[2025-10-11T16:35:58.466Z] ERROR: Error getting all employees: {
  "response": {
    "message": "Error occurred",
    "uri": "/api/forms/P_EmployeeView/records",
    "errors": {
      "code": 7073,
      "message": "Daily api limit is exceeded."
    },
    "status": 1
  }
}
[2025-10-11T16:35:58.467Z] [LEAVE BY WEEKS] Employee not found in Zoho: kellyshan2022@gmail.com
[2025-10-11T16:35:58.467Z] 
[LEAVE BY WEEKS] Processing pneenan3@gmail.com
[2025-10-11T16:35:58.467Z] [ZOHO API] Fetching all employees...
[2025-10-11T16:35:58.492Z] ERROR: Error getting all employees: {
  "response": {
    "message": "Error occurred",
    "uri": "/api/forms/P_EmployeeView/records",
    "errors": {
      "code": 7073,
      "message": "Daily api limit is exceeded."
    },
    "status": 1
  }
}
[2025-10-11T16:35:58.494Z] [LEAVE BY WEEKS] Employee not found in Zoho: pneenan3@gmail.com
[2025-10-11T16:35:58.494Z] 
[LEAVE BY WEEKS] Processing caolhiggins@gmail.com
[2025-10-11T16:35:58.495Z] [ZOHO API] Fetching all employees...
[2025-10-11T16:35:58.520Z] ERROR: Error getting all employees: {
  "response": {
    "message": "Error occurred",
    "uri": "/api/forms/P_EmployeeView/records",
    "errors": {
      "code": 7073,
      "message": "Daily api limit is exceeded."
    },
    "status": 1
  }
}
[2025-10-11T16:35:58.521Z] [LEAVE BY WEEKS] Employee not found in Zoho: caolhiggins@gmail.com
[2025-10-11T16:35:58.521Z] 
[LEAVE BY WEEKS] Processing gavinprunty@gmail.com
[2025-10-11T16:35:58.522Z] [ZOHO API] Fetching all employees...
[2025-10-11T16:35:58.546Z] ERROR: Error getting all employees: {
  "response": {
    "message": "Error occurred",
    "uri": "/api/forms/P_EmployeeView/records",
    "errors": {
      "code": 7073,
      "message": "Daily api limit is exceeded."
    },
    "status": 1
  }
}
[2025-10-11T16:35:58.547Z] [LEAVE BY WEEKS] Employee not found in Zoho: gavinprunty@gmail.com
[2025-10-11T16:35:58.547Z] 
[LEAVE BY WEEKS] Processing markotownsend@gmail.com
[2025-10-11T16:35:58.547Z] [ZOHO API] Fetching all employees...
[2025-10-11T16:35:58.574Z] ERROR: Error getting all employees: {
  "response": {
    "message": "Error occurred",
    "uri": "/api/forms/P_EmployeeView/records",
    "errors": {
      "code": 7073,
      "message": "Daily api limit is exceeded."
    },
    "status": 1
  }
}
[2025-10-11T16:35:58.574Z] [LEAVE BY WEEKS] Employee not found in Zoho: markotownsend@gmail.com
[2025-10-11T16:36:37.372Z] 
[LEAVE API] Processing davebooth@hotmail.com for period 2025-09-25 to 2025-10-29
[2025-10-11T16:36:37.374Z] [ZOHO API] Fetching all employees...
[2025-10-11T16:36:37.438Z] ERROR: Error getting all employees: {
  "response": {
    "message": "Error occurred",
    "uri": "/api/forms/P_EmployeeView/records",
    "errors": {
      "code": 7073,
      "message": "Daily api limit is exceeded."
    },
    "status": 1
  }
}
[2025-10-11T16:36:37.440Z] [LEAVE API] Employee not found in Zoho: davebooth@hotmail.com
[2025-10-11T16:36:37.445Z] ERROR: Error fetching PPS numbers: {
  "message": "Request failed with status code 403",
  "name": "AxiosError",
  "stack": "AxiosError: Request failed with status code 403\n    at settle (/home/hub/nodevenv/public_html/fins/20/lib/node_modules/axios/dist/node/axios.cjs:2097:12)\n    at IncomingMessage.handleStreamEnd (/home/hub/nodevenv/public_html/fins/20/lib/node_modules/axios/dist/node/axios.cjs:3305:11)\n    at IncomingMessage.emit (node:events:536:35)\n    at endReadableNT (node:internal/streams/readable:1698:12)\n    at process.processTicksAndRejections (node:internal/process/task_queues:82:21)\n    at Axios.request (/home/hub/nodevenv/public_html/fins/20/lib/node_modules/axios/dist/node/axios.cjs:4483:41)\n    at process.processTicksAndRejections (node:internal/process/task_queues:95:5)\n    at async /home/hub/public_html/fins/scripts/pay/hourly/dashboard.js:639:26",
  "config": {
    "transitional": {
      "silentJSONParsing": true,
      "forcedJSONParsing": true,
      "clarifyTimeoutError": false
    },
    "adapter": [
      "xhr",
      "http",
      "fetch"
    ],
    "transformRequest": [
      null
    ],
    "transformResponse": [
      null
    ],
    "timeout": 0,
    "xsrfCookieName": "XSRF-TOKEN",
    "xsrfHeaderName": "X-XSRF-TOKEN",
    "maxContentLength": -1,
    "maxBodyLength": -1,
    "env": {},
    "headers": {
      "Accept": "application/json, text/plain, */*",
      "Authorization": "Zoho-oauthtoken 1000.93b46d11e09682bf375c84a1d3eb9577.369c7b0ca91510015603784711c6c432",
      "User-Agent": "axios/1.12.2",
      "Accept-Encoding": "gzip, compress, deflate, br"
    },
    "method": "get",
    "url": "https://people.zoho.eu/api/forms/P_EmployeeView/records",
    "allowAbsoluteUrls": true
  },
  "code": "ERR_BAD_REQUEST",
  "status": 403
}
[2025-10-11T16:36:37.641Z] 
[LEAVE API] Processing markotownsend@gmail.com for period 2025-09-25 to 2025-10-29
[2025-10-11T16:36:37.643Z] [ZOHO API] Fetching all employees...
[2025-10-11T16:36:37.669Z] ERROR: Error getting all employees: {
  "response": {
    "message": "Error occurred",
    "uri": "/api/forms/P_EmployeeView/records",
    "errors": {
      "code": 7073,
      "message": "Daily api limit is exceeded."
    },
    "status": 1
  }
}
[2025-10-11T16:36:37.669Z] [LEAVE API] Employee not found in Zoho: markotownsend@gmail.com
[2025-10-11T16:36:37.870Z] 
[LEAVE API] Processing maryhelendavisbl@gmail.com for period 2025-09-25 to 2025-10-29
[2025-10-11T16:36:37.871Z] [ZOHO API] Fetching all employees...
[2025-10-11T16:36:37.897Z] ERROR: Error getting all employees: {
  "response": {
    "message": "Error occurred",
    "uri": "/api/forms/P_EmployeeView/records",
    "errors": {
      "code": 7073,
      "message": "Daily api limit is exceeded."
    },
    "status": 1
  }
}
[2025-10-11T16:36:37.898Z] [LEAVE API] Employee not found in Zoho: maryhelendavisbl@gmail.com
[2025-10-11T16:36:38.098Z] 
[LEAVE API] Processing fergalhenchy@outlook.com for period 2025-09-25 to 2025-10-29
[2025-10-11T16:36:38.099Z] [ZOHO API] Fetching all employees...
[2025-10-11T16:36:38.122Z] ERROR: Error getting all employees: {
  "response": {
    "message": "Error occurred",
    "uri": "/api/forms/P_EmployeeView/records",
    "errors": {
      "code": 7073,
      "message": "Daily api limit is exceeded."
    },
    "status": 1
  }
}
[2025-10-11T16:36:38.123Z] [LEAVE API] Employee not found in Zoho: fergalhenchy@outlook.com
[2025-10-11T16:36:38.324Z] 
[LEAVE API] Processing sthorgan90@gmail.com for period 2025-09-25 to 2025-10-29
[2025-10-11T16:36:38.325Z] [ZOHO API] Fetching all employees...
[2025-10-11T16:36:38.348Z] ERROR: Error getting all employees: {
  "response": {
    "message": "Error occurred",
    "uri": "/api/forms/P_EmployeeView/records",
    "errors": {
      "code": 7073,
      "message": "Daily api limit is exceeded."
    },
    "status": 1
  }
}
[2025-10-11T16:36:38.349Z] [LEAVE API] Employee not found in Zoho: sthorgan90@gmail.com
[2025-10-11T16:36:38.550Z] 
[LEAVE API] Processing Davidkane1978@gmail.com for period 2025-09-25 to 2025-10-29
[2025-10-11T16:36:38.551Z] [ZOHO API] Fetching all employees...
[2025-10-11T16:36:38.578Z] ERROR: Error getting all employees: {
  "response": {
    "message": "Error occurred",
    "uri": "/api/forms/P_EmployeeView/records",
    "errors": {
      "code": 7073,
      "message": "Daily api limit is exceeded."
    },
    "status": 1
  }
}
[2025-10-11T16:36:38.578Z] [LEAVE API] Employee not found in Zoho: Davidkane1978@gmail.com
[2025-10-11T16:36:38.779Z] 
[LEAVE API] Processing kellyshan2022@gmail.com for period 2025-09-25 to 2025-10-29
[2025-10-11T16:36:38.780Z] [ZOHO API] Fetching all employees...
[2025-10-11T16:36:38.803Z] ERROR: Error getting all employees: {
  "response": {
    "message": "Error occurred",
    "uri": "/api/forms/P_EmployeeView/records",
    "errors": {
      "code": 7073,
      "message": "Daily api limit is exceeded."
    },
    "status": 1
  }
}
[2025-10-11T16:36:38.803Z] [LEAVE API] Employee not found in Zoho: kellyshan2022@gmail.com
[2025-10-11T16:36:39.004Z] 
[LEAVE API] Processing pneenan3@gmail.com for period 2025-09-25 to 2025-10-29
[2025-10-11T16:36:39.005Z] [ZOHO API] Fetching all employees...
[2025-10-11T16:36:39.028Z] ERROR: Error getting all employees: {
  "response": {
    "message": "Error occurred",
    "uri": "/api/forms/P_EmployeeView/records",
    "errors": {
      "code": 7073,
      "message": "Daily api limit is exceeded."
    },
    "status": 1
  }
}
[2025-10-11T16:36:39.029Z] [LEAVE API] Employee not found in Zoho: pneenan3@gmail.com
[2025-10-11T16:36:39.230Z] 
[LEAVE API] Processing caolhiggins@gmail.com for period 2025-09-25 to 2025-10-29
[2025-10-11T16:36:39.232Z] [ZOHO API] Fetching all employees...
[2025-10-11T16:36:39.261Z] ERROR: Error getting all employees: {
  "response": {
    "message": "Error occurred",
    "uri": "/api/forms/P_EmployeeView/records",
    "errors": {
      "code": 7073,
      "message": "Daily api limit is exceeded."
    },
    "status": 1
  }
}
[2025-10-11T16:36:39.261Z] [LEAVE API] Employee not found in Zoho: caolhiggins@gmail.com
[2025-10-11T16:36:39.462Z] 
[LEAVE API] Processing gavinprunty@gmail.com for period 2025-09-25 to 2025-10-29
[2025-10-11T16:36:39.463Z] [ZOHO API] Fetching all employees...
[2025-10-11T16:36:39.488Z] ERROR: Error getting all employees: {
  "response": {
    "message": "Error occurred",
    "uri": "/api/forms/P_EmployeeView/records",
    "errors": {
      "code": 7073,
      "message": "Daily api limit is exceeded."
    },
    "status": 1
  }
}
[2025-10-11T16:36:39.489Z] [LEAVE API] Employee not found in Zoho: gavinprunty@gmail.com
[2025-10-11T16:36:39.690Z] 
[LEAVE API] Processing markotownsend@gmail.com for period 2025-09-25 to 2025-10-29
[2025-10-11T16:36:39.691Z] [ZOHO API] Fetching all employees...
[2025-10-11T16:36:39.714Z] ERROR: Error getting all employees: {
  "response": {
    "message": "Error occurred",
    "uri": "/api/forms/P_EmployeeView/records",
    "errors": {
      "code": 7073,
      "message": "Daily api limit is exceeded."
    },
    "status": 1
  }
}
[2025-10-11T16:36:39.715Z] [LEAVE API] Employee not found in Zoho: markotownsend@gmail.com
[2025-10-11T16:39:32.387Z] 
[LEAVE BY WEEKS] Processing davebooth@hotmail.com
[2025-10-11T16:39:32.388Z] [ZOHO API] Fetching all employees...
[2025-10-11T16:39:32.450Z] ERROR: Error getting all employees: {
  "response": {
    "message": "Error occurred",
    "uri": "/api/forms/P_EmployeeView/records",
    "errors": {
      "code": 7073,
      "message": "Daily api limit is exceeded."
    },
    "status": 1
  }
}
[2025-10-11T16:39:32.450Z] [LEAVE BY WEEKS] Employee not found in Zoho: davebooth@hotmail.com
[2025-10-11T16:39:32.450Z] 
[LEAVE BY WEEKS] Processing markotownsend@gmail.com
[2025-10-11T16:39:32.451Z] [ZOHO API] Fetching all employees...
[2025-10-11T16:39:32.476Z] ERROR: Error getting all employees: {
  "response": {
    "message": "Error occurred",
    "uri": "/api/forms/P_EmployeeView/records",
    "errors": {
      "code": 7073,
      "message": "Daily api limit is exceeded."
    },
    "status": 1
  }
}
[2025-10-11T16:39:32.477Z] [LEAVE BY WEEKS] Employee not found in Zoho: markotownsend@gmail.com
[2025-10-11T16:39:32.477Z] 
[LEAVE BY WEEKS] Processing maryhelendavisbl@gmail.com
[2025-10-11T16:39:32.478Z] [ZOHO API] Fetching all employees...
[2025-10-11T16:39:32.503Z] ERROR: Error getting all employees: {
  "response": {
    "message": "Error occurred",
    "uri": "/api/forms/P_EmployeeView/records",
    "errors": {
      "code": 7073,
      "message": "Daily api limit is exceeded."
    },
    "status": 1
  }
}
[2025-10-11T16:39:32.504Z] [LEAVE BY WEEKS] Employee not found in Zoho: maryhelendavisbl@gmail.com
[2025-10-11T16:39:32.504Z] 
[LEAVE BY WEEKS] Processing fergalhenchy@outlook.com
[2025-10-11T16:39:32.505Z] [ZOHO API] Fetching all employees...
[2025-10-11T16:39:32.529Z] ERROR: Error getting all employees: {
  "response": {
    "message": "Error occurred",
    "uri": "/api/forms/P_EmployeeView/records",
    "errors": {
      "code": 7073,
      "message": "Daily api limit is exceeded."
    },
    "status": 1
  }
}
[2025-10-11T16:39:32.530Z] [LEAVE BY WEEKS] Employee not found in Zoho: fergalhenchy@outlook.com
[2025-10-11T16:39:32.530Z] 
[LEAVE BY WEEKS] Processing sthorgan90@gmail.com
[2025-10-11T16:39:32.530Z] [ZOHO API] Fetching all employees...
[2025-10-11T16:39:32.554Z] ERROR: Error getting all employees: {
  "response": {
    "message": "Error occurred",
    "uri": "/api/forms/P_EmployeeView/records",
    "errors": {
      "code": 7073,
      "message": "Daily api limit is exceeded."
    },
    "status": 1
  }
}
[2025-10-11T16:39:32.554Z] [LEAVE BY WEEKS] Employee not found in Zoho: sthorgan90@gmail.com
[2025-10-11T16:39:32.554Z] 
[LEAVE BY WEEKS] Processing Davidkane1978@gmail.com
[2025-10-11T16:39:32.555Z] [ZOHO API] Fetching all employees...
[2025-10-11T16:39:32.578Z] ERROR: Error getting all employees: {
  "response": {
    "message": "Error occurred",
    "uri": "/api/forms/P_EmployeeView/records",
    "errors": {
      "code": 7073,
      "message": "Daily api limit is exceeded."
    },
    "status": 1
  }
}
[2025-10-11T16:39:32.578Z] [LEAVE BY WEEKS] Employee not found in Zoho: Davidkane1978@gmail.com
[2025-10-11T16:39:32.579Z] 
[LEAVE BY WEEKS] Processing kellyshan2022@gmail.com
[2025-10-11T16:39:32.579Z] [ZOHO API] Fetching all employees...
[2025-10-11T16:39:32.602Z] ERROR: Error getting all employees: {
  "response": {
    "message": "Error occurred",
    "uri": "/api/forms/P_EmployeeView/records",
    "errors": {
      "code": 7073,
      "message": "Daily api limit is exceeded."
    },
    "status": 1
  }
}
[2025-10-11T16:39:32.603Z] [LEAVE BY WEEKS] Employee not found in Zoho: kellyshan2022@gmail.com
[2025-10-11T16:39:32.603Z] 
[LEAVE BY WEEKS] Processing pneenan3@gmail.com
[2025-10-11T16:39:32.603Z] [ZOHO API] Fetching all employees...
[2025-10-11T16:39:32.625Z] ERROR: Error getting all employees: {
  "response": {
    "message": "Error occurred",
    "uri": "/api/forms/P_EmployeeView/records",
    "errors": {
      "code": 7073,
      "message": "Daily api limit is exceeded."
    },
    "status": 1
  }
}
[2025-10-11T16:39:32.626Z] [LEAVE BY WEEKS] Employee not found in Zoho: pneenan3@gmail.com
[2025-10-11T16:39:32.626Z] 
[LEAVE BY WEEKS] Processing caolhiggins@gmail.com
[2025-10-11T16:39:32.627Z] [ZOHO API] Fetching all employees...
[2025-10-11T16:39:32.650Z] ERROR: Error getting all employees: {
  "response": {
    "message": "Error occurred",
    "uri": "/api/forms/P_EmployeeView/records",
    "errors": {
      "code": 7073,
      "message": "Daily api limit is exceeded."
    },
    "status": 1
  }
}
[2025-10-11T16:39:32.651Z] [LEAVE BY WEEKS] Employee not found in Zoho: caolhiggins@gmail.com
[2025-10-11T16:39:32.651Z] 
[LEAVE BY WEEKS] Processing gavinprunty@gmail.com
[2025-10-11T16:39:32.652Z] [ZOHO API] Fetching all employees...
[2025-10-11T16:39:32.675Z] ERROR: Error getting all employees: {
  "response": {
    "message": "Error occurred",
    "uri": "/api/forms/P_EmployeeView/records",
    "errors": {
      "code": 7073,
      "message": "Daily api limit is exceeded."
    },
    "status": 1
  }
}
[2025-10-11T16:39:32.675Z] [LEAVE BY WEEKS] Employee not found in Zoho: gavinprunty@gmail.com
[2025-10-11T16:39:32.675Z] 
[LEAVE BY WEEKS] Processing markotownsend@gmail.com
[2025-10-11T16:39:32.676Z] [ZOHO API] Fetching all employees...
[2025-10-11T16:39:32.699Z] ERROR: Error getting all employees: {
  "response": {
    "message": "Error occurred",
    "uri": "/api/forms/P_EmployeeView/records",
    "errors": {
      "code": 7073,
      "message": "Daily api limit is exceeded."
    },
    "status": 1
  }
}
[2025-10-11T16:39:32.700Z] [LEAVE BY WEEKS] Employee not found in Zoho: markotownsend@gmail.com
[2025-10-11T16:39:34.806Z] 
[LEAVE API] Processing davebooth@hotmail.com for period 2025-09-25 to 2025-10-29
[2025-10-11T16:39:34.806Z] [ZOHO API] Fetching all employees...
[2025-10-11T16:39:34.829Z] ERROR: Error fetching PPS numbers: {
  "message": "Request failed with status code 403",
  "name": "AxiosError",
  "stack": "AxiosError: Request failed with status code 403\n    at settle (/home/hub/nodevenv/public_html/fins/20/lib/node_modules/axios/dist/node/axios.cjs:2097:12)\n    at IncomingMessage.handleStreamEnd (/home/hub/nodevenv/public_html/fins/20/lib/node_modules/axios/dist/node/axios.cjs:3305:11)\n    at IncomingMessage.emit (node:events:536:35)\n    at endReadableNT (node:internal/streams/readable:1698:12)\n    at process.processTicksAndRejections (node:internal/process/task_queues:82:21)\n    at Axios.request (/home/hub/nodevenv/public_html/fins/20/lib/node_modules/axios/dist/node/axios.cjs:4483:41)\n    at process.processTicksAndRejections (node:internal/process/task_queues:95:5)\n    at async /home/hub/public_html/fins/scripts/pay/hourly/dashboard.js:639:26",
  "config": {
    "transitional": {
      "silentJSONParsing": true,
      "forcedJSONParsing": true,
      "clarifyTimeoutError": false
    },
    "adapter": [
      "xhr",
      "http",
      "fetch"
    ],
    "transformRequest": [
      null
    ],
    "transformResponse": [
      null
    ],
    "timeout": 0,
    "xsrfCookieName": "XSRF-TOKEN",
    "xsrfHeaderName": "X-XSRF-TOKEN",
    "maxContentLength": -1,
    "maxBodyLength": -1,
    "env": {},
    "headers": {
      "Accept": "application/json, text/plain, */*",
      "Authorization": "Zoho-oauthtoken 1000.93b46d11e09682bf375c84a1d3eb9577.369c7b0ca91510015603784711c6c432",
      "User-Agent": "axios/1.12.2",
      "Accept-Encoding": "gzip, compress, deflate, br"
    },
    "method": "get",
    "url": "https://people.zoho.eu/api/forms/P_EmployeeView/records",
    "allowAbsoluteUrls": true
  },
  "code": "ERR_BAD_REQUEST",
  "status": 403
}
[2025-10-11T16:39:34.861Z] ERROR: Error getting all employees: {
  "response": {
    "message": "Error occurred",
    "uri": "/api/forms/P_EmployeeView/records",
    "errors": {
      "code": 7073,
      "message": "Daily api limit is exceeded."
    },
    "status": 1
  }
}
[2025-10-11T16:39:34.861Z] [LEAVE API] Employee not found in Zoho: davebooth@hotmail.com
[2025-10-11T16:39:35.061Z] 
[LEAVE API] Processing markotownsend@gmail.com for period 2025-09-25 to 2025-10-29
[2025-10-11T16:39:35.062Z] [ZOHO API] Fetching all employees...
[2025-10-11T16:39:35.085Z] ERROR: Error getting all employees: {
  "response": {
    "message": "Error occurred",
    "uri": "/api/forms/P_EmployeeView/records",
    "errors": {
      "code": 7073,
      "message": "Daily api limit is exceeded."
    },
    "status": 1
  }
}
[2025-10-11T16:39:35.085Z] [LEAVE API] Employee not found in Zoho: markotownsend@gmail.com
[2025-10-11T16:39:35.286Z] 
[LEAVE API] Processing maryhelendavisbl@gmail.com for period 2025-09-25 to 2025-10-29
[2025-10-11T16:39:35.287Z] [ZOHO API] Fetching all employees...
[2025-10-11T16:39:35.313Z] ERROR: Error getting all employees: {
  "response": {
    "message": "Error occurred",
    "uri": "/api/forms/P_EmployeeView/records",
    "errors": {
      "code": 7073,
      "message": "Daily api limit is exceeded."
    },
    "status": 1
  }
}
[2025-10-11T16:39:35.314Z] [LEAVE API] Employee not found in Zoho: maryhelendavisbl@gmail.com
[2025-10-11T16:39:35.515Z] 
[LEAVE API] Processing fergalhenchy@outlook.com for period 2025-09-25 to 2025-10-29
[2025-10-11T16:39:35.516Z] [ZOHO API] Fetching all employees...
[2025-10-11T16:39:35.538Z] ERROR: Error getting all employees: {
  "response": {
    "message": "Error occurred",
    "uri": "/api/forms/P_EmployeeView/records",
    "errors": {
      "code": 7073,
      "message": "Daily api limit is exceeded."
    },
    "status": 1
  }
}
[2025-10-11T16:39:35.538Z] [LEAVE API] Employee not found in Zoho: fergalhenchy@outlook.com
[2025-10-11T16:39:35.739Z] 
[LEAVE API] Processing sthorgan90@gmail.com for period 2025-09-25 to 2025-10-29
[2025-10-11T16:39:35.740Z] [ZOHO API] Fetching all employees...
[2025-10-11T16:39:35.762Z] ERROR: Error getting all employees: {
  "response": {
    "message": "Error occurred",
    "uri": "/api/forms/P_EmployeeView/records",
    "errors": {
      "code": 7073,
      "message": "Daily api limit is exceeded."
    },
    "status": 1
  }
}
[2025-10-11T16:39:35.762Z] [LEAVE API] Employee not found in Zoho: sthorgan90@gmail.com
[2025-10-11T16:39:35.962Z] 
[LEAVE API] Processing Davidkane1978@gmail.com for period 2025-09-25 to 2025-10-29
[2025-10-11T16:39:35.963Z] [ZOHO API] Fetching all employees...
[2025-10-11T16:39:35.986Z] ERROR: Error getting all employees: {
  "response": {
    "message": "Error occurred",
    "uri": "/api/forms/P_EmployeeView/records",
    "errors": {
      "code": 7073,
      "message": "Daily api limit is exceeded."
    },
    "status": 1
  }
}
[2025-10-11T16:39:35.986Z] [LEAVE API] Employee not found in Zoho: Davidkane1978@gmail.com
[2025-10-11T16:39:36.187Z] 
[LEAVE API] Processing kellyshan2022@gmail.com for period 2025-09-25 to 2025-10-29
[2025-10-11T16:39:36.187Z] [ZOHO API] Fetching all employees...
[2025-10-11T16:39:36.209Z] ERROR: Error getting all employees: {
  "response": {
    "message": "Error occurred",
    "uri": "/api/forms/P_EmployeeView/records",
    "errors": {
      "code": 7073,
      "message": "Daily api limit is exceeded."
    },
    "status": 1
  }
}
[2025-10-11T16:39:36.210Z] [LEAVE API] Employee not found in Zoho: kellyshan2022@gmail.com
[2025-10-11T16:39:36.411Z] 
[LEAVE API] Processing pneenan3@gmail.com for period 2025-09-25 to 2025-10-29
[2025-10-11T16:39:36.411Z] [ZOHO API] Fetching all employees...
[2025-10-11T16:39:36.433Z] ERROR: Error getting all employees: {
  "response": {
    "message": "Error occurred",
    "uri": "/api/forms/P_EmployeeView/records",
    "errors": {
      "code": 7073,
      "message": "Daily api limit is exceeded."
    },
    "status": 1
  }
}
[2025-10-11T16:39:36.434Z] [LEAVE API] Employee not found in Zoho: pneenan3@gmail.com
[2025-10-11T16:39:36.633Z] 
[LEAVE API] Processing caolhiggins@gmail.com for period 2025-09-25 to 2025-10-29
[2025-10-11T16:39:36.634Z] [ZOHO API] Fetching all employees...
[2025-10-11T16:39:36.656Z] ERROR: Error getting all employees: {
  "response": {
    "message": "Error occurred",
    "uri": "/api/forms/P_EmployeeView/records",
    "errors": {
      "code": 7073,
      "message": "Daily api limit is exceeded."
    },
    "status": 1
  }
}
[2025-10-11T16:39:36.657Z] [LEAVE API] Employee not found in Zoho: caolhiggins@gmail.com
[2025-10-11T16:39:36.857Z] 
[LEAVE API] Processing gavinprunty@gmail.com for period 2025-09-25 to 2025-10-29
[2025-10-11T16:39:36.858Z] [ZOHO API] Fetching all employees...
[2025-10-11T16:39:36.881Z] ERROR: Error getting all employees: {
  "response": {
    "message": "Error occurred",
    "uri": "/api/forms/P_EmployeeView/records",
    "errors": {
      "code": 7073,
      "message": "Daily api limit is exceeded."
    },
    "status": 1
  }
}
[2025-10-11T16:39:36.881Z] [LEAVE API] Employee not found in Zoho: gavinprunty@gmail.com
[2025-10-11T16:39:37.082Z] 
[LEAVE API] Processing markotownsend@gmail.com for period 2025-09-25 to 2025-10-29
[2025-10-11T16:39:37.082Z] [ZOHO API] Fetching all employees...
[2025-10-11T16:39:37.104Z] ERROR: Error getting all employees: {
  "response": {
    "message": "Error occurred",
    "uri": "/api/forms/P_EmployeeView/records",
    "errors": {
      "code": 7073,
      "message": "Daily api limit is exceeded."
    },
    "status": 1
  }
}
[2025-10-11T16:39:37.105Z] [LEAVE API] Employee not found in Zoho: markotownsend@gmail.com
[2025-10-11T16:39:39.870Z] 
[LEAVE API] Processing davebooth@hotmail.com for period 2025-08-28 to 2025-09-24
[2025-10-11T16:39:39.871Z] [ZOHO API] Fetching all employees...
[2025-10-11T16:39:39.891Z] ERROR: Error fetching PPS numbers: {
  "message": "Request failed with status code 403",
  "name": "AxiosError",
  "stack": "AxiosError: Request failed with status code 403\n    at settle (/home/hub/nodevenv/public_html/fins/20/lib/node_modules/axios/dist/node/axios.cjs:2097:12)\n    at IncomingMessage.handleStreamEnd (/home/hub/nodevenv/public_html/fins/20/lib/node_modules/axios/dist/node/axios.cjs:3305:11)\n    at IncomingMessage.emit (node:events:536:35)\n    at endReadableNT (node:internal/streams/readable:1698:12)\n    at process.processTicksAndRejections (node:internal/process/task_queues:82:21)\n    at Axios.request (/home/hub/nodevenv/public_html/fins/20/lib/node_modules/axios/dist/node/axios.cjs:4483:41)\n    at process.processTicksAndRejections (node:internal/process/task_queues:95:5)\n    at async /home/hub/public_html/fins/scripts/pay/hourly/dashboard.js:639:26",
  "config": {
    "transitional": {
      "silentJSONParsing": true,
      "forcedJSONParsing": true,
      "clarifyTimeoutError": false
    },
    "adapter": [
      "xhr",
      "http",
      "fetch"
    ],
    "transformRequest": [
      null
    ],
    "transformResponse": [
      null
    ],
    "timeout": 0,
    "xsrfCookieName": "XSRF-TOKEN",
    "xsrfHeaderName": "X-XSRF-TOKEN",
    "maxContentLength": -1,
    "maxBodyLength": -1,
    "env": {},
    "headers": {
      "Accept": "application/json, text/plain, */*",
      "Authorization": "Zoho-oauthtoken 1000.93b46d11e09682bf375c84a1d3eb9577.369c7b0ca91510015603784711c6c432",
      "User-Agent": "axios/1.12.2",
      "Accept-Encoding": "gzip, compress, deflate, br"
    },
    "method": "get",
    "url": "https://people.zoho.eu/api/forms/P_EmployeeView/records",
    "allowAbsoluteUrls": true
  },
  "code": "ERR_BAD_REQUEST",
  "status": 403
}
[2025-10-11T16:39:39.921Z] ERROR: Error getting all employees: {
  "response": {
    "message": "Error occurred",
    "uri": "/api/forms/P_EmployeeView/records",
    "errors": {
      "code": 7073,
      "message": "Daily api limit is exceeded."
    },
    "status": 1
  }
}
[2025-10-11T16:39:39.921Z] [LEAVE API] Employee not found in Zoho: davebooth@hotmail.com
[2025-10-11T16:39:40.121Z] 
[LEAVE API] Processing markotownsend@gmail.com for period 2025-08-28 to 2025-09-24
[2025-10-11T16:39:40.122Z] [ZOHO API] Fetching all employees...
[2025-10-11T16:39:40.145Z] ERROR: Error getting all employees: {
  "response": {
    "message": "Error occurred",
    "uri": "/api/forms/P_EmployeeView/records",
    "errors": {
      "code": 7073,
      "message": "Daily api limit is exceeded."
    },
    "status": 1
  }
}
[2025-10-11T16:39:40.146Z] [LEAVE API] Employee not found in Zoho: markotownsend@gmail.com
[2025-10-11T16:39:40.346Z] 
[LEAVE API] Processing maryhelendavisbl@gmail.com for period 2025-08-28 to 2025-09-24
[2025-10-11T16:39:40.347Z] [ZOHO API] Fetching all employees...
[2025-10-11T16:39:40.369Z] ERROR: Error getting all employees: {
  "response": {
    "message": "Error occurred",
    "uri": "/api/forms/P_EmployeeView/records",
    "errors": {
      "code": 7073,
      "message": "Daily api limit is exceeded."
    },
    "status": 1
  }
}
[2025-10-11T16:39:40.370Z] [LEAVE API] Employee not found in Zoho: maryhelendavisbl@gmail.com
[2025-10-11T16:39:40.570Z] 
[LEAVE API] Processing fergalhenchy@outlook.com for period 2025-08-28 to 2025-09-24
[2025-10-11T16:39:40.571Z] [ZOHO API] Fetching all employees...
[2025-10-11T16:39:40.596Z] ERROR: Error getting all employees: {
  "response": {
    "message": "Error occurred",
    "uri": "/api/forms/P_EmployeeView/records",
    "errors": {
      "code": 7073,
      "message": "Daily api limit is exceeded."
    },
    "status": 1
  }
}
[2025-10-11T16:39:40.597Z] [LEAVE API] Employee not found in Zoho: fergalhenchy@outlook.com
[2025-10-11T16:39:40.798Z] 
[LEAVE API] Processing sthorgan90@gmail.com for period 2025-08-28 to 2025-09-24
[2025-10-11T16:39:40.798Z] [ZOHO API] Fetching all employees...
[2025-10-11T16:39:40.822Z] ERROR: Error getting all employees: {
  "response": {
    "message": "Error occurred",
    "uri": "/api/forms/P_EmployeeView/records",
    "errors": {
      "code": 7073,
      "message": "Daily api limit is exceeded."
    },
    "status": 1
  }
}
[2025-10-11T16:39:40.823Z] [LEAVE API] Employee not found in Zoho: sthorgan90@gmail.com
[2025-10-11T16:39:41.022Z] 
[LEAVE API] Processing Davidkane1978@gmail.com for period 2025-08-28 to 2025-09-24
[2025-10-11T16:39:41.023Z] [ZOHO API] Fetching all employees...
[2025-10-11T16:39:41.045Z] ERROR: Error getting all employees: {
  "response": {
    "message": "Error occurred",
    "uri": "/api/forms/P_EmployeeView/records",
    "errors": {
      "code": 7073,
      "message": "Daily api limit is exceeded."
    },
    "status": 1
  }
}
[2025-10-11T16:39:41.045Z] [LEAVE API] Employee not found in Zoho: Davidkane1978@gmail.com
[2025-10-11T16:39:41.246Z] 
[LEAVE API] Processing kellyshan2022@gmail.com for period 2025-08-28 to 2025-09-24
[2025-10-11T16:39:41.246Z] [ZOHO API] Fetching all employees...
[2025-10-11T16:39:41.268Z] ERROR: Error getting all employees: {
  "response": {
    "message": "Error occurred",
    "uri": "/api/forms/P_EmployeeView/records",
    "errors": {
      "code": 7073,
      "message": "Daily api limit is exceeded."
    },
    "status": 1
  }
}
[2025-10-11T16:39:41.268Z] [LEAVE API] Employee not found in Zoho: kellyshan2022@gmail.com
[2025-10-11T16:39:41.469Z] 
[LEAVE API] Processing pneenan3@gmail.com for period 2025-08-28 to 2025-09-24
[2025-10-11T16:39:41.470Z] [ZOHO API] Fetching all employees...
[2025-10-11T16:39:41.494Z] ERROR: Error getting all employees: {
  "response": {
    "message": "Error occurred",
    "uri": "/api/forms/P_EmployeeView/records",
    "errors": {
      "code": 7073,
      "message": "Daily api limit is exceeded."
    },
    "status": 1
  }
}
[2025-10-11T16:39:41.494Z] [LEAVE API] Employee not found in Zoho: pneenan3@gmail.com
[2025-10-11T16:39:41.695Z] 
[LEAVE API] Processing caolhiggins@gmail.com for period 2025-08-28 to 2025-09-24
[2025-10-11T16:39:41.696Z] [ZOHO API] Fetching all employees...
[2025-10-11T16:39:41.721Z] ERROR: Error getting all employees: {
  "response": {
    "message": "Error occurred",
    "uri": "/api/forms/P_EmployeeView/records",
    "errors": {
      "code": 7073,
      "message": "Daily api limit is exceeded."
    },
    "status": 1
  }
}
[2025-10-11T16:39:41.721Z] [LEAVE API] Employee not found in Zoho: caolhiggins@gmail.com
[2025-10-11T16:39:41.922Z] 
[LEAVE API] Processing gavinprunty@gmail.com for period 2025-08-28 to 2025-09-24
[2025-10-11T16:39:41.923Z] [ZOHO API] Fetching all employees...
[2025-10-11T16:39:41.944Z] ERROR: Error getting all employees: {
  "response": {
    "message": "Error occurred",
    "uri": "/api/forms/P_EmployeeView/records",
    "errors": {
      "code": 7073,
      "message": "Daily api limit is exceeded."
    },
    "status": 1
  }
}
[2025-10-11T16:39:41.945Z] [LEAVE API] Employee not found in Zoho: gavinprunty@gmail.com
[2025-10-11T16:39:42.145Z] 
[LEAVE API] Processing markotownsend@gmail.com for period 2025-08-28 to 2025-09-24
[2025-10-11T16:39:42.146Z] [ZOHO API] Fetching all employees...
[2025-10-11T16:39:42.167Z] ERROR: Error getting all employees: {
  "response": {
    "message": "Error occurred",
    "uri": "/api/forms/P_EmployeeView/records",
    "errors": {
      "code": 7073,
      "message": "Daily api limit is exceeded."
    },
    "status": 1
  }
}
[2025-10-11T16:39:42.168Z] [LEAVE API] Employee not found in Zoho: markotownsend@gmail.com
[2025-10-11T16:39:56.492Z] Logger initialized - logging to gads.log with auto-rotation at 5000 lines
[2025-10-11T16:39:56.869Z] Fins app started under Phusion Passenger
[2025-10-11T16:40:08.651Z] ERROR: Error fetching teacher payroll: {}
[2025-10-11T16:40:08.809Z] ERROR: Error fetching sales payroll: {}
[2025-10-11T16:43:43.140Z] ERROR: Error fetching teacher payroll: {}
[2025-10-11T16:43:43.198Z] ERROR: Error fetching sales payroll: {}
[2025-10-11T16:52:22.604Z] Logger initialized - logging to gads.log with auto-rotation at 5000 lines
[2025-10-11T16:52:23.042Z] Fins app started under Phusion Passenger
[2025-10-11T16:52:23.165Z] ERROR: Error fetching teacher payroll: {}
[2025-10-11T16:52:23.168Z] ERROR: Error stack: SyntaxError: "[object Object]" is not valid JSON
    at JSON.parse (<anonymous>)
    at /home/hub/public_html/fins/scripts/pay/output.js:110:68
    at Array.map (<anonymous>)
    at /home/hub/public_html/fins/scripts/pay/output.js:108:50
    at process.processTicksAndRejections (node:internal/process/task_queues:95:5)
[2025-10-11T16:52:23.169Z] ERROR: Error message: "[object Object]" is not valid JSON
[2025-10-11T16:52:23.169Z] ERROR: Error toString: SyntaxError: "[object Object]" is not valid JSON
[2025-10-11T16:52:23.245Z] ERROR: Error fetching teacher payroll: {}
[2025-10-11T16:52:23.245Z] ERROR: Error stack: SyntaxError: "[object Object]" is not valid JSON
    at JSON.parse (<anonymous>)
    at /home/hub/public_html/fins/scripts/pay/output.js:110:68
    at Array.map (<anonymous>)
    at /home/hub/public_html/fins/scripts/pay/output.js:108:50
    at process.processTicksAndRejections (node:internal/process/task_queues:95:5)
[2025-10-11T16:52:23.246Z] ERROR: Error message: "[object Object]" is not valid JSON
[2025-10-11T16:52:23.246Z] ERROR: Error toString: SyntaxError: "[object Object]" is not valid JSON
[2025-10-11T16:52:23.294Z] ERROR: Error fetching sales payroll: {}
[2025-10-11T16:52:23.295Z] ERROR: Error stack: SyntaxError: "[object Object]" is not valid JSON
    at JSON.parse (<anonymous>)
    at /home/hub/public_html/fins/scripts/pay/output.js:327:59
    at process.processTicksAndRejections (node:internal/process/task_queues:95:5)
[2025-10-11T16:52:23.295Z] ERROR: Error message: "[object Object]" is not valid JSON
[2025-10-11T16:52:23.296Z] ERROR: Error toString: SyntaxError: "[object Object]" is not valid JSON
[2025-10-11T16:52:29.111Z] ERROR: Error fetching teacher payroll: {}
[2025-10-11T16:52:29.112Z] ERROR: Error stack: SyntaxError: "[object Object]" is not valid JSON
    at JSON.parse (<anonymous>)
    at /home/hub/public_html/fins/scripts/pay/output.js:110:68
    at Array.map (<anonymous>)
    at /home/hub/public_html/fins/scripts/pay/output.js:108:50
    at process.processTicksAndRejections (node:internal/process/task_queues:95:5)
[2025-10-11T16:52:29.112Z] ERROR: Error message: "[object Object]" is not valid JSON
[2025-10-11T16:52:29.113Z] ERROR: Error toString: SyntaxError: "[object Object]" is not valid JSON
[2025-10-11T16:52:29.162Z] ERROR: Error fetching sales payroll: {}
[2025-10-11T16:52:29.163Z] ERROR: Error stack: SyntaxError: "[object Object]" is not valid JSON
    at JSON.parse (<anonymous>)
    at /home/hub/public_html/fins/scripts/pay/output.js:327:59
    at process.processTicksAndRejections (node:internal/process/task_queues:95:5)
[2025-10-11T16:52:29.163Z] ERROR: Error message: "[object Object]" is not valid JSON
[2025-10-11T16:52:29.164Z] ERROR: Error toString: SyntaxError: "[object Object]" is not valid JSON
[2025-10-11T16:53:06.474Z] Logger initialized - logging to gads.log with auto-rotation at 5000 lines
[2025-10-11T16:53:06.878Z] Fins app started under Phusion Passenger
[2025-10-11T16:57:58.658Z] 
[LEAVE API] Processing davebooth@hotmail.com for period 2025-08-28 to 2025-09-24
[2025-10-11T16:57:58.694Z] [ZOHO API] Fetching all employees...
[2025-10-11T16:57:58.775Z] ERROR: Error getting all employees: {
  "response": {
    "message": "Error occurred",
    "uri": "/api/forms/P_EmployeeView/records",
    "errors": {
      "code": 7073,
      "message": "Daily api limit is exceeded."
    },
    "status": 1
  }
}
[2025-10-11T16:57:58.780Z] [LEAVE API] Employee not found in Zoho: davebooth@hotmail.com
[2025-10-11T16:57:58.847Z] ERROR: Error fetching PPS numbers: {
  "message": "Request failed with status code 403",
  "name": "AxiosError",
  "stack": "AxiosError: Request failed with status code 403\n    at settle (/home/hub/nodevenv/public_html/fins/20/lib/node_modules/axios/dist/node/axios.cjs:2097:12)\n    at IncomingMessage.handleStreamEnd (/home/hub/nodevenv/public_html/fins/20/lib/node_modules/axios/dist/node/axios.cjs:3305:11)\n    at IncomingMessage.emit (node:events:536:35)\n    at endReadableNT (node:internal/streams/readable:1698:12)\n    at process.processTicksAndRejections (node:internal/process/task_queues:82:21)\n    at Axios.request (/home/hub/nodevenv/public_html/fins/20/lib/node_modules/axios/dist/node/axios.cjs:4483:41)\n    at process.processTicksAndRejections (node:internal/process/task_queues:95:5)\n    at async /home/hub/public_html/fins/scripts/pay/hourly/dashboard.js:639:26",
  "config": {
    "transitional": {
      "silentJSONParsing": true,
      "forcedJSONParsing": true,
      "clarifyTimeoutError": false
    },
    "adapter": [
      "xhr",
      "http",
      "fetch"
    ],
    "transformRequest": [
      null
    ],
    "transformResponse": [
      null
    ],
    "timeout": 0,
    "xsrfCookieName": "XSRF-TOKEN",
    "xsrfHeaderName": "X-XSRF-TOKEN",
    "maxContentLength": -1,
    "maxBodyLength": -1,
    "env": {},
    "headers": {
      "Accept": "application/json, text/plain, */*",
      "Authorization": "Zoho-oauthtoken 1000.93b46d11e09682bf375c84a1d3eb9577.369c7b0ca91510015603784711c6c432",
      "User-Agent": "axios/1.12.2",
      "Accept-Encoding": "gzip, compress, deflate, br"
    },
    "method": "get",
    "url": "https://people.zoho.eu/api/forms/P_EmployeeView/records",
    "allowAbsoluteUrls": true
  },
  "code": "ERR_BAD_REQUEST",
  "status": 403
}
[2025-10-11T16:57:58.980Z] 
[LEAVE API] Processing markotownsend@gmail.com for period 2025-08-28 to 2025-09-24
[2025-10-11T16:57:58.981Z] [ZOHO API] Fetching all employees...
[2025-10-11T16:57:59.006Z] ERROR: Error getting all employees: {
  "response": {
    "message": "Error occurred",
    "uri": "/api/forms/P_EmployeeView/records",
    "errors": {
      "code": 7073,
      "message": "Daily api limit is exceeded."
    },
    "status": 1
  }
}
[2025-10-11T16:57:59.007Z] [LEAVE API] Employee not found in Zoho: markotownsend@gmail.com
[2025-10-11T16:57:59.208Z] 
[LEAVE API] Processing maryhelendavisbl@gmail.com for period 2025-08-28 to 2025-09-24
[2025-10-11T16:57:59.208Z] [ZOHO API] Fetching all employees...
[2025-10-11T16:57:59.238Z] ERROR: Error getting all employees: {
  "response": {
    "message": "Error occurred",
    "uri": "/api/forms/P_EmployeeView/records",
    "errors": {
      "code": 7073,
      "message": "Daily api limit is exceeded."
    },
    "status": 1
  }
}
[2025-10-11T16:57:59.239Z] [LEAVE API] Employee not found in Zoho: maryhelendavisbl@gmail.com
[2025-10-11T16:57:59.439Z] 
[LEAVE API] Processing fergalhenchy@outlook.com for period 2025-08-28 to 2025-09-24
[2025-10-11T16:57:59.441Z] [ZOHO API] Fetching all employees...
[2025-10-11T16:57:59.472Z] ERROR: Error getting all employees: {
  "response": {
    "message": "Error occurred",
    "uri": "/api/forms/P_EmployeeView/records",
    "errors": {
      "code": 7073,
      "message": "Daily api limit is exceeded."
    },
    "status": 1
  }
}
[2025-10-11T16:57:59.472Z] [LEAVE API] Employee not found in Zoho: fergalhenchy@outlook.com
[2025-10-11T16:57:59.675Z] 
[LEAVE API] Processing sthorgan90@gmail.com for period 2025-08-28 to 2025-09-24
[2025-10-11T16:57:59.676Z] [ZOHO API] Fetching all employees...
[2025-10-11T16:57:59.702Z] ERROR: Error getting all employees: {
  "response": {
    "message": "Error occurred",
    "uri": "/api/forms/P_EmployeeView/records",
    "errors": {
      "code": 7073,
      "message": "Daily api limit is exceeded."
    },
    "status": 1
  }
}
[2025-10-11T16:57:59.702Z] [LEAVE API] Employee not found in Zoho: sthorgan90@gmail.com
[2025-10-11T16:57:59.903Z] 
[LEAVE API] Processing Davidkane1978@gmail.com for period 2025-08-28 to 2025-09-24
[2025-10-11T16:57:59.904Z] [ZOHO API] Fetching all employees...
[2025-10-11T16:57:59.927Z] ERROR: Error getting all employees: {
  "response": {
    "message": "Error occurred",
    "uri": "/api/forms/P_EmployeeView/records",
    "errors": {
      "code": 7073,
      "message": "Daily api limit is exceeded."
    },
    "status": 1
  }
}
[2025-10-11T16:57:59.927Z] [LEAVE API] Employee not found in Zoho: Davidkane1978@gmail.com
[2025-10-11T16:58:00.127Z] 
[LEAVE API] Processing kellyshan2022@gmail.com for period 2025-08-28 to 2025-09-24
[2025-10-11T16:58:00.128Z] [ZOHO API] Fetching all employees...
[2025-10-11T16:58:00.239Z] ERROR: Error getting all employees: {
  "response": {
    "message": "Error occurred",
    "uri": "/api/forms/P_EmployeeView/records",
    "errors": {
      "code": 7073,
      "message": "Daily api limit is exceeded."
    },
    "status": 1
  }
}
[2025-10-11T16:58:00.240Z] [LEAVE API] Employee not found in Zoho: kellyshan2022@gmail.com
[2025-10-11T16:58:00.440Z] 
[LEAVE API] Processing pneenan3@gmail.com for period 2025-08-28 to 2025-09-24
[2025-10-11T16:58:00.441Z] [ZOHO API] Fetching all employees...
[2025-10-11T16:58:00.472Z] ERROR: Error getting all employees: {
  "response": {
    "message": "Error occurred",
    "uri": "/api/forms/P_EmployeeView/records",
    "errors": {
      "code": 7073,
      "message": "Daily api limit is exceeded."
    },
    "status": 1
  }
}
[2025-10-11T16:58:00.472Z] [LEAVE API] Employee not found in Zoho: pneenan3@gmail.com
[2025-10-11T16:58:00.673Z] 
[LEAVE API] Processing caolhiggins@gmail.com for period 2025-08-28 to 2025-09-24
[2025-10-11T16:58:00.673Z] [ZOHO API] Fetching all employees...
[2025-10-11T16:58:00.699Z] ERROR: Error getting all employees: {
  "response": {
    "message": "Error occurred",
    "uri": "/api/forms/P_EmployeeView/records",
    "errors": {
      "code": 7073,
      "message": "Daily api limit is exceeded."
    },
    "status": 1
  }
}
[2025-10-11T16:58:00.700Z] [LEAVE API] Employee not found in Zoho: caolhiggins@gmail.com
[2025-10-11T16:58:00.903Z] 
[LEAVE API] Processing gavinprunty@gmail.com for period 2025-08-28 to 2025-09-24
[2025-10-11T16:58:00.904Z] [ZOHO API] Fetching all employees...
[2025-10-11T16:58:00.929Z] ERROR: Error getting all employees: {
  "response": {
    "message": "Error occurred",
    "uri": "/api/forms/P_EmployeeView/records",
    "errors": {
      "code": 7073,
      "message": "Daily api limit is exceeded."
    },
    "status": 1
  }
}
[2025-10-11T16:58:00.930Z] [LEAVE API] Employee not found in Zoho: gavinprunty@gmail.com
[2025-10-11T16:58:01.130Z] 
[LEAVE API] Processing markotownsend@gmail.com for period 2025-08-28 to 2025-09-24
[2025-10-11T16:58:01.132Z] [ZOHO API] Fetching all employees...
[2025-10-11T16:58:01.156Z] ERROR: Error getting all employees: {
  "response": {
    "message": "Error occurred",
    "uri": "/api/forms/P_EmployeeView/records",
    "errors": {
      "code": 7073,
      "message": "Daily api limit is exceeded."
    },
    "status": 1
  }
}
[2025-10-11T16:58:01.157Z] [LEAVE API] Employee not found in Zoho: markotownsend@gmail.com
